STEP to UG
! INFO-     NX STEP AP203 - V2306.8900
! INFO-      
! INFO-     Start of Translation: 13-MAR-2025  4:11:10 PM
! INFO-      
! STATUS-   Converting Part: C:\Users\erikb\OneDrive\Desktop\ME-588-Team9-CAD\COTS_MISC\3309-0108 black plastic chain.STEP
! SUMMARY-   
! SUMMARY-    STEP Header Information
! SUMMARY-   
! SUMMARY-  Description      STEP AP203
! SUMMARY-  Imp_Level        1
! SUMMARY-  File_Name        05B plastic chain.STEP
! SUMMARY-  Date             2017-07-27T22:04:43
! SUMMARY-  Author           Unknown
! SUMMARY-  Organization     Unknown
! SUMMARY-  Pre_Version      SwSTEP 2.0
! SUMMARY-  Orig_System      SolidWorks 2016
! SUMMARY-  Authorization    Unknown
! SUMMARY-  Schema_ID        config_control_design
! SUMMARY-   
! SUMMARY-    Summary of STEP Entities
! SUMMARY-   
! SUMMARY-  Entity Type                                                   Count
! SUMMARY-  -----------                                                   ------
! SUMMARY-  advanced_face ..............................................:     88
! SUMMARY-  application_context ........................................:      2
! SUMMARY-  approval ...................................................:      3
! SUMMARY-  approval_date_time .........................................:      3
! SUMMARY-  approval_person_organization ...............................:      3
! SUMMARY-  approval_role ..............................................:      3
! SUMMARY-  approval_status ............................................:      3
! SUMMARY-  axis2_placement_3d .........................................:    197
! SUMMARY-  calendar_date ..............................................:      3
! SUMMARY-  cartesian_point ............................................:    387
! SUMMARY-  circle .....................................................:    108
! SUMMARY-  closed_shell ...............................................:      1
! SUMMARY-  coordinated_universal_time_offset ..........................:      3
! SUMMARY-  cylindrical_surface ........................................:     46
! SUMMARY-  date_and_time ..............................................:      3
! SUMMARY-  direction ..................................................:    476
! SUMMARY-  edge_curve .................................................:    190
! SUMMARY-  edge_loop ..................................................:     96
! SUMMARY-  face_bound .................................................:      8
! SUMMARY-  face_outer_bound ...........................................:     88
! SUMMARY-  geometric_representation_context_and_global_uncertainty_a ..:      1
! SUMMARY-  length_unit_and_si_unit ....................................:      1
! SUMMARY-  line .......................................................:     82
! SUMMARY-  local_time .................................................:      3
! SUMMARY-  manifold_solid_brep ........................................:      1
! SUMMARY-  organization ...............................................:      1
! SUMMARY-  oriented_edge ..............................................:    380
! SUMMARY-  person .....................................................:      1
! SUMMARY-  person_and_organization ....................................:      3
! SUMMARY-  plane ......................................................:     18
! SUMMARY-  plane_angle_unit_and_si_unit ...............................:      1
! SUMMARY-  product ....................................................:      1
! SUMMARY-  product_context ............................................:      1
! SUMMARY-  product_definition .........................................:      1
! SUMMARY-  product_definition_context .................................:      1
! SUMMARY-  product_definition_formation_with_specified_source .........:      1
! SUMMARY-  product_definition_shape ...................................:      1
! SUMMARY-  product_related_product_category ...........................:      1
! SUMMARY-  si_unit_and_solid_angle_unit ...............................:      1
! SUMMARY-  spherical_surface ..........................................:      8
! SUMMARY-  toroidal_surface ...........................................:     16
! SUMMARY-  uncertainty_measure_with_unit ..............................:      1
! SUMMARY-  vector .....................................................:     82
! SUMMARY-  vertex_point ...............................................:    108
! SUMMARY-                                                               -------
! SUMMARY-  Total                                                           2426
! STATUS-    
! STATUS-   Converting to Output Form (Phase 2 of 3): 13-MAR-2025 4:11:10 PM
! STATUS-    
! STATUS-    
! STATUS-   Generating UG geometry and placing them in parts
! STATUS-    
! STATUS-   Creating the UG part (Phase 3 of 3): 13-MAR-2025  4:11:10 PM
! INFO-     Filing Part ..: C:\Users\erikb\OneDrive\Desktop\ME-588-Team9-CAD\COTS_MISC\3309-0108 black plastic chain.prt
! SUMMARY-   
! SUMMARY-  Summary of Unigraphics Part Entities
! SUMMARY-   
! SUMMARY-  Entities Processed             Count
! SUMMARY-  ------------------             -----
! SUMMARY-  Solid/Sheet .................:     1
! SUMMARY-                                 -----
! SUMMARY-  Total                              1
! INFO-      
! INFO-     Total number of solids input for this translation       :         1
! INFO-      
! INFO-     Number of solids created without body validation faults :         1
! INFO-      
! INFO-     Number of solids created with body validation fault(s)  :         0
! INFO-      
! INFO-     Number of solids ending up as sheet bodies              :         0
! INFO-      
! INFO-     End of Translation: 13-MAR-2025  4:11:13 PM
! INFO-      
