STEP to UG
! INFO-     NX STEP AP203 - V2306.8900
! INFO-      
! INFO-     Start of Translation: 9-MAR-2025  2:39:19 PM
! INFO-      
! STATUS-   Converting Part: C:\Users\erikb\OneDrive\Desktop\ME-588-Team9-CAD\COTS_MISC\6056N14_Carbon Steel Set Screw Collar.STEP
! SUMMARY-   
! SUMMARY-    STEP Header Information
! SUMMARY-   
! SUMMARY-  Description      STEP AP203
! SUMMARY-  Imp_Level        1
! SUMMARY-  File_Name        6056N14_Carbon Steel Set Screw Collar.STEP
! SUMMARY-  Date             2023-09-18T12:42:07
! SUMMARY-  Author           Administrator
! SUMMARY-  Organization     Managed by Terraform
! SUMMARY-  Pre_Version      SwSTEP 2.0
! SUMMARY-  Orig_System      SolidWorks 2017
! SUMMARY-  Authorization    Unknown
! SUMMARY-  Schema_ID        config_control_design
! SUMMARY-   
! SUMMARY-    Summary of STEP Entities
! SUMMARY-   
! SUMMARY-  Entity Type                                                   Count
! SUMMARY-  -----------                                                   ------
! SUMMARY-  advanced_face ..............................................:     52
! SUMMARY-  application_context ........................................:      2
! SUMMARY-  approval ...................................................:      3
! SUMMARY-  approval_date_time .........................................:      3
! SUMMARY-  approval_person_organization ...............................:      3
! SUMMARY-  approval_role ..............................................:      3
! SUMMARY-  approval_status ............................................:      3
! SUMMARY-  axis2_placement_3d .........................................:     73
! SUMMARY-  b_spline_curve_with_knots ..................................:     34
! SUMMARY-  b_spline_curve_with_knots_and_rational_b_spline_curve ......:     21
! SUMMARY-  b_spline_surface_with_knots ................................:      4
! SUMMARY-  b_spline_surface_with_knots_and_rational_b_spline_surface ..:      3
! SUMMARY-  calendar_date ..............................................:      3
! SUMMARY-  cartesian_point ............................................:   3998
! SUMMARY-  circle .....................................................:     27
! SUMMARY-  closed_shell ...............................................:      2
! SUMMARY-  conical_surface ............................................:     18
! SUMMARY-  coordinated_universal_time_offset ..........................:      3
! SUMMARY-  cylindrical_surface ........................................:     16
! SUMMARY-  date_and_time ..............................................:      3
! SUMMARY-  direction ..................................................:    184
! SUMMARY-  edge_curve .................................................:    120
! SUMMARY-  edge_loop ..................................................:     57
! SUMMARY-  face_bound .................................................:      5
! SUMMARY-  face_outer_bound ...........................................:     52
! SUMMARY-  geometric_representation_context_and_global_uncertainty_a ..:      1
! SUMMARY-  length_unit_and_si_unit ....................................:      1
! SUMMARY-  line .......................................................:     38
! SUMMARY-  local_time .................................................:      3
! SUMMARY-  manifold_solid_brep ........................................:      2
! SUMMARY-  organization ...............................................:      1
! SUMMARY-  oriented_edge ..............................................:    240
! SUMMARY-  person .....................................................:      1
! SUMMARY-  person_and_organization ....................................:      3
! SUMMARY-  plane ......................................................:     11
! SUMMARY-  plane_angle_unit_and_si_unit ...............................:      1
! SUMMARY-  product ....................................................:      1
! SUMMARY-  product_context ............................................:      1
! SUMMARY-  product_definition .........................................:      1
! SUMMARY-  product_definition_context .................................:      1
! SUMMARY-  product_definition_formation_with_specified_source .........:      1
! SUMMARY-  product_definition_shape ...................................:      1
! SUMMARY-  product_related_product_category ...........................:      1
! SUMMARY-  si_unit_and_solid_angle_unit ...............................:      1
! SUMMARY-  uncertainty_measure_with_unit ..............................:      1
! SUMMARY-  vector .....................................................:     38
! SUMMARY-  vertex_point ...............................................:     73
! SUMMARY-                                                               -------
! SUMMARY-  Total                                                           5114
! STATUS-    
! STATUS-   Converting to Output Form (Phase 2 of 3): 9-MAR-2025 2:39:19 PM
! STATUS-    
! STATUS-    
! STATUS-   Generating UG geometry and placing them in parts
! STATUS-    
! STATUS-   Creating the UG part (Phase 3 of 3): 9-MAR-2025  2:39:19 PM
! INFO-     Filing Part ..: C:\Users\erikb\OneDrive\Desktop\ME-588-Team9-CAD\COTS_MISC\6056N14_Carbon Steel Set Screw Collar.prt
! SUMMARY-   
! SUMMARY-  Summary of Unigraphics Part Entities
! SUMMARY-   
! SUMMARY-  Entities Processed             Count
! SUMMARY-  ------------------             -----
! SUMMARY-  Solid/Sheet .................:     2
! SUMMARY-                                 -----
! SUMMARY-  Total                              2
! INFO-      
! INFO-     Total number of solids input for this translation       :         2
! INFO-      
! INFO-     Number of solids created without body validation faults :         2
! INFO-      
! INFO-     Number of solids created with body validation fault(s)  :         0
! INFO-      
! INFO-     Number of solids ending up as sheet bodies              :         0
! INFO-      
! INFO-     End of Translation: 9-MAR-2025  2:39:20 PM
! INFO-      
